2025-12-02T13:20:52,386  INFO [LoggingFilter] filter initialized
2025-12-02T14:00:12,868  INFO [LoggingFilter] filter initialized
2025-12-02T14:00:13,494  INFO [LoggingFilter] Incoming Request : GET/FilterAndListener/ from IP 0:0:0:0:0:0:0:1
2025-12-02T14:00:13,609  INFO [LoggingFilter] Reponse sent for /FilterAndListener/
2025-12-02T14:00:19,161  INFO [LoggingFilter] Incoming Request : GET/FilterAndListener/HelloServlet from IP 0:0:0:0:0:0:0:1
2025-12-02T14:00:19,162  INFO [HelloServlet] HelloServlet Execution Started
2025-12-02T14:00:19,162  INFO [HelloServlet] HelloServlet Execution Completed
2025-12-02T14:00:19,163  INFO [LoggingFilter] Reponse sent for /FilterAndListener/HelloServlet
2025-12-02T14:09:08,713  INFO [LoggingFilter] filter destroyed
2025-12-02T14:09:12,747  INFO [LoggingFilter] filter initialized
2025-12-02T14:09:13,379  INFO [LoggingFilter] Incoming Request : GET/FilterAndListener/ from IP 0:0:0:0:0:0:0:1
2025-12-02T14:09:13,505  INFO [LoggingFilter] Reponse sent for /FilterAndListener/
2025-12-02T14:09:17,616  INFO [LoggingFilter] Incoming Request : GET/FilterAndListener/HelloServlet from IP 0:0:0:0:0:0:0:1
2025-12-02T14:09:17,616  INFO [HelloServlet] HelloServlet Execution Started
2025-12-02T14:09:17,617  INFO [HelloServlet] HelloServlet Execution Completed
2025-12-02T14:09:17,617  INFO [LoggingFilter] Reponse sent for /FilterAndListener/HelloServlet
2025-12-02T14:23:26,111  INFO [LoggingFilter] filter initialized
2025-12-02T14:23:26,698  INFO [LoggingFilter] Incoming Request : GET/FilterAndListener/ from IP 0:0:0:0:0:0:0:1
2025-12-02T14:23:26,812  INFO [LoggingFilter] Reponse sent for /FilterAndListener/
2025-12-02T14:23:36,944  INFO [LoggingFilter] Incoming Request : GET/FilterAndListener/HelloServlet from IP 0:0:0:0:0:0:0:1
2025-12-02T14:23:36,945  INFO [HelloServlet] HelloServlet Execution Started
2025-12-02T14:23:36,945  INFO [HelloServlet] HelloServlet Execution Completed
2025-12-02T14:23:36,946  INFO [LoggingFilter] Reponse sent for /FilterAndListener/HelloServlet
2025-12-02T14:24:54,509  INFO [LoggingFilter] filter destroyed
2025-12-02T14:24:55,627  INFO [LoggingFilter] filter initialized
2025-12-02T14:38:07,204  INFO [LoggingFilter] filter destroyed
